Start testing: May 11 22:29 MSK
----------------------------------------------------------
1/1 Testing: check
1/1 Test: check
Command: "/home/unremedy/unremedy/workspace/projects/suptertask/_build/check"
Directory: /home/unremedy/unremedy/workspace/projects/suptertask/_build
"check" start time: May 11 22:29 MSK
Output:
----------------------------------------------------------
Running main() from /home/unremedy/.hunter/_Base/35fa55b/252be92/b78b2c5/Build/GTest/Source/googletest/src/gtest_main.cc
[==========] Running 1 test from 1 test suite.
[----------] Global test environment set-up.
[----------] 1 test from sum
[ RUN      ] sum.ftest
[       OK ] sum.ftest (0 ms)
[----------] 1 test from sum (0 ms total)

[----------] Global test environment tear-down
[==========] 1 test from 1 test suite ran. (0 ms total)
[  PASSED  ] 1 test.
<end of output>
Test time =   0.01 sec
----------------------------------------------------------
Test Passed.
"check" end time: May 11 22:29 MSK
"check" time elapsed: 00:00:00
----------------------------------------------------------

End testing: May 11 22:29 MSK
